{"duration":"10.720752167s","ip":"::1","level":"info","method":"GET","msg":"Request processed","path":"/users","status":200,"time":"2025-03-19T16:06:10+08:00"}
{"duration":"7.20869425s","ip":"::1","level":"info","method":"GET","msg":"Request processed","path":"/users/1","status":200,"time":"2025-03-19T16:12:06+08:00"}
{"duration":"235.833µs","ip":"::1","level":"info","method":"POST","msg":"Request processed","path":"/auth/users","status":401,"time":"2025-03-19T16:12:33+08:00"}
{"duration":"131.708µs","ip":"::1","level":"info","method":"POST","msg":"Request processed","path":"/auth/users","status":401,"time":"2025-03-19T16:13:23+08:00"}
{"duration":"6.854934542s","ip":"::1","level":"info","method":"GET","msg":"Request processed","path":"/users/address/456 Elm St","status":200,"time":"2025-03-19T16:35:03+08:00"}
{"duration":"117.042µs","ip":"::1","level":"info","method":"POST","msg":"Request processed","path":"/auth/login","status":401,"time":"2025-03-24T09:29:26+08:00"}
{"duration":"9.16428225s","ip":"::1","level":"info","method":"GET","msg":"Request processed","path":"/users","status":200,"time":"2025-03-24T09:30:03+08:00"}
{"duration":"110.25µs","ip":"::1","level":"info","method":"POST","msg":"Request processed","path":"/auth/login","status":401,"time":"2025-03-24T10:36:06+08:00"}
{"duration":"117.959µs","ip":"::1","level":"info","method":"POST","msg":"Request processed","path":"/auth/login","status":401,"time":"2025-03-24T11:17:34+08:00"}
{"duration":"292ns","ip":"::1","level":"info","method":"GET","msg":"Request processed","path":"/users","status":404,"time":"2025-03-24T15:31:22+08:00"}
{"duration":"7.016490292s","ip":"::1","level":"info","method":"GET","msg":"Request processed","path":"/customers","status":500,"time":"2025-03-24T15:31:55+08:00"}
{"duration":"3.281150333s","ip":"::1","level":"info","method":"GET","msg":"Request processed","path":"/customers","status":500,"time":"2025-03-24T15:33:49+08:00"}
{"duration":"6.201588958s","ip":"::1","level":"info","method":"GET","msg":"Request processed","path":"/customers","status":500,"time":"2025-03-24T15:40:49+08:00"}
{"duration":"8.689079875s","ip":"::1","level":"info","method":"GET","msg":"Request processed","path":"/customers","status":500,"time":"2025-03-24T15:46:00+08:00"}
{"duration":"7.433031625s","ip":"::1","level":"info","method":"GET","msg":"Request processed","path":"/customers","status":500,"time":"2025-03-24T15:48:22+08:00"}
{"duration":"1.415791ms","ip":"::1","level":"info","method":"GET","msg":"Request processed","path":"/customers","status":500,"time":"2025-03-24T15:54:36+08:00"}
{"duration":"2.164291ms","ip":"::1","level":"info","method":"GET","msg":"Request processed","path":"/customers","status":500,"time":"2025-03-24T15:56:56+08:00"}
{"duration":"1.10425ms","ip":"::1","level":"info","method":"GET","msg":"Request processed","path":"/customers","status":500,"time":"2025-03-24T15:58:41+08:00"}
{"duration":"1.407875ms","ip":"::1","level":"info","method":"GET","msg":"Request processed","path":"/customers","status":500,"time":"2025-03-24T16:00:29+08:00"}
{"duration":"14.069004458s","ip":"::1","level":"info","method":"GET","msg":"Request processed","path":"/customers","status":200,"time":"2025-03-24T16:03:10+08:00"}
{"duration":"13.999937417s","ip":"::1","level":"info","method":"GET","msg":"Request processed","path":"/customers","status":200,"time":"2025-03-24T16:07:22+08:00"}
{"duration":"84.042µs","ip":"::1","level":"info","method":"POST","msg":"Request processed","path":"/auth/login","status":401,"time":"2025-03-24T16:10:50+08:00"}
{"duration":"250ns","ip":"::1","level":"info","method":"POST","msg":"Request processed","path":"/auth/login","status":404,"time":"2025-03-24T16:18:28+08:00"}
{"customer_address":"","level":"info","msg":"Login successful","time":"2025-03-24T16:19:13+08:00"}
{"duration":"11.047982167s","ip":"::1","level":"info","method":"POST","msg":"Request processed","path":"/login","status":200,"time":"2025-03-24T16:19:13+08:00"}
{"duration":"1.319085041s","ip":"::1","level":"info","method":"POST","msg":"Request processed","path":"/auth/customers","status":403,"time":"2025-03-24T16:20:29+08:00"}
{"duration":"70.334µs","ip":"::1","level":"info","method":"POST","msg":"Request processed","path":"/auth/customers","status":403,"time":"2025-03-24T16:21:35+08:00"}
{"duration":"567.834µs","ip":"::1","level":"info","method":"POST","msg":"Request processed","path":"/auth/customers","status":400,"time":"2025-03-24T16:27:12+08:00"}
{"duration":"439.042µs","ip":"::1","level":"info","method":"POST","msg":"Request processed","path":"/auth/customers","status":400,"time":"2025-03-24T16:27:48+08:00"}
{"duration":"90.958µs","ip":"::1","level":"info","method":"POST","msg":"Request processed","path":"/auth/customers","status":400,"time":"2025-03-24T16:27:51+08:00"}
{"duration":"12.208µs","ip":"::1","level":"info","method":"POST","msg":"Request processed","path":"/auth/customers","status":404,"time":"2025-03-24T16:48:12+08:00"}
{"duration":"398.792µs","ip":"::1","level":"info","method":"POST","msg":"Request processed","path":"/customers","status":400,"time":"2025-03-24T16:49:13+08:00"}
{"duration":"237.917µs","ip":"::1","level":"info","method":"POST","msg":"Request processed","path":"/customers","status":400,"time":"2025-03-24T16:49:50+08:00"}
{"duration":"4.12034625s","ip":"::1","level":"info","method":"POST","msg":"Request processed","path":"/customers","status":201,"time":"2025-03-24T16:58:11+08:00"}
{"customer_address":"","level":"info","msg":"Login successful","time":"2025-03-24T16:59:16+08:00"}
{"duration":"5.142802041s","ip":"::1","level":"info","method":"POST","msg":"Request processed","path":"/login","status":200,"time":"2025-03-24T16:59:16+08:00"}
{"customer_address":"","level":"info","msg":"Login successful","time":"2025-03-24T17:00:10+08:00"}
{"duration":"4.07751075s","ip":"::1","level":"info","method":"POST","msg":"Request processed","path":"/login","status":200,"time":"2025-03-24T17:00:10+08:00"}
{"duration":"2.969883166s","ip":"::1","level":"info","method":"POST","msg":"Request processed","path":"/customers","status":201,"time":"2025-03-24T17:00:31+08:00"}
{"customer_address":"","level":"info","msg":"Login successful","time":"2025-03-24T17:00:57+08:00"}
{"duration":"3.589402667s","ip":"::1","level":"info","method":"POST","msg":"Request processed","path":"/login","status":200,"time":"2025-03-24T17:00:57+08:00"}
{"duration":"96.5µs","ip":"::1","level":"info","method":"POST","msg":"Request processed","path":"/auth/verify","status":403,"time":"2025-03-24T17:01:33+08:00"}
